<?xml version="1.0" ?>
<!DOCTYPE coverage SYSTEM "http://cobertura.sourceforge.net/xml/coverage-04.dtd">
<coverage lines-valid="13" lines-covered="13" line-rate="1" branches-valid="1" branches-covered="1" branch-rate="1" timestamp="1710587741030" complexity="0" version="0.1">
  <sources>
    <source>/Users/pkl/Projects/hycalc</source>
  </sources>
  <packages>
    <package name="main" line-rate="1" branch-rate="1">
      <classes>
        <class name="getYearAndMonth.ts" filename="src/lib/date/utils/getYearAndMonth.ts" line-rate="1" branch-rate="1">
          <methods>
            <method name="getYearAndMonth" hits="2" signature="()V">
              <lines>
                <line number="3" hits="2"/>
              </lines>
            </method>
          </methods>
          <lines>
            <line number="1" hits="1" branch="false"/>
            <line number="2" hits="1" branch="false"/>
            <line number="3" hits="1" branch="true" condition-coverage="100% (1/1)"/>
            <line number="4" hits="2" branch="false"/>
            <line number="5" hits="2" branch="false"/>
            <line number="6" hits="2" branch="false"/>
            <line number="7" hits="2" branch="false"/>
            <line number="8" hits="2" branch="false"/>
            <line number="9" hits="2" branch="false"/>
            <line number="10" hits="2" branch="false"/>
            <line number="11" hits="2" branch="false"/>
            <line number="12" hits="2" branch="false"/>
            <line number="13" hits="2" branch="false"/>
          </lines>
        </class>
      </classes>
    </package>
  </packages>
</coverage>
